[    0.00000] Linux version 4.15.0-91-generic buildd@lgw01-amd64-013) (gcc version 7.4.0 (Ubuntu 7.4.0-1ubuntu1~18.04.1)) #92-Ubuntu SMP Fri Feb 28 11:09:48 UTC 2020 (Ubuntu .15.0-91.92-generic 4.15.18)
   0.000000] Command line: BOOT_IMAGE=boot/vmlinuz-4.15.0-91-generic root=LABEL=cloudimg-rootfs ro console=tty1 cnsole=ttyS0
[    0.000000] KERNEL supported cpus:
[    0.000000]   Intel GenuineIntel
[    0.00000]   AMD AuthenticAMD
[    0.000000]   Centaur CentaurHauls
[   .000000] x86/fpu: Supporting XSAVE feature 0x001: 'x87 floating point registers'
[   .00000] 86/fpu: Supporting XSAVE feature 0x002: 'SSE registers'
[   .000000 x86/fpu: Supporting XSAVE feature 0x004: 'AVX registers'
[   0.000000] x86/fpu: xstate_offset[2]:  576, xstate_sizes[2]:  256
[   .000000] x86/fpu: Enabled xstate features 0x7, context size is 832 bytes, using 'standard' format.
[    0.000000] e820: BIOS-provided physical RAM map:
[    0.00000] BIOS-e82: [mem 0x0000000000000000-0x00000000009fbff] usable
[   0.000000] BIOS-e820: [mem 0x000000000009fc00-0x000000000009fff] eserved
[   0.000000] BIOS-e820: [mem 0x00000000000f0000-0x00000000000fffff] reserved
[    0.0000] BIOS-e820: [mem 0x000000000100000-0000000003ffeffff] usable
[    0.000000] BIS-e820: [mem 0x000000003fff0000-0x000000003fffffff] ACPI ata
[    0.000000] BIOS-e820: [mem 0x00000000fec00000-0x00000000fec00fff] reserved
[    0.000000] BIOS-e820: [mem 0x00000000fee00000-0x00000000fee00fff] resered
[    0.0000] BIO-e20: [mem 0x00000000fffc0000-0x00000000ffffffff] reserved
[    0.0000] NX (Execute Disable) protection: active
[    0.000000] SBIOS 2.5 present.
[    0.000000] DMI: innotek GmbH VirtualBox/VirtualBox, BIOS VirtualBox 12/01/2006
[   0.000000] Hypervisor detected: KVM
[   .000000] e820: last_pfn = 0x3fff0 max_arch_pfn = 0x400000000
[    0.000000] MTRR: Disabled
[    0.000000] x86/PAT: MTRRs disabled, skipping PAT initialization too.
[   .000000 CPU MTRRs ll blank - virtualizedsystem.
[    0000000] x86/PAT: Configuration [0-7]: WB  WT  UC- UC  WB  WT  UC- UC  
[   0.00000] found SMPP--tale at [mem 0x0009fff0-0x0009ffff]
[    0.000000] Scaninng 1 areas for low memory corruption
[    0.000000] RAMDIS: [mem 0x35a6d00-0x36d2dff]
[    0.0000] ACPI: Early table checksum verification disabled
[   0.00000] ACPI: RSDP 0x00000000000E0000 000024 (v02 VBOX  )
[    0.000000] ACPI: XSDT 0x000000003FFF003000003C (v01 VBOX   VBOXXSDT 00000001 ASL  00000061)
[    0.00000] ACPI: FACP x000000003FFF00F0 0000F4 (v04 VBOX   VBOXFACP 00000001 ASL  000001)
[    0.000000] ACPI: DSDT 0x000000003FFF0470 0021FF (v02 VBOX   VBOXBIOS 00000002 INTL 20100528)
[    0.000000] ACPI: FACS 0x000000003FFF0200 000040
[    0.000000] ACPI: FACS 0x000000003FFF0200 000040
[    0.000000] ACPPI: APIC 0x000000003FFF0240 00005C (v02 VBOX   VBOXAPIC 00000001 ASL  00000061)
[    0.000000] ACPI: SSDT 0x000000003FFF02A0 0001CC (v01 VBOX   VBOXCPUT 00000002 INTL 20100528)
[    0.000000] No NUMA configuration found
[    0.000000] Faking a node at [mem 0x0000000000000000-0x000000003ffeffff]
[    0.000000] ODE_DATA(0) allocated [mem 0x3ffc5000-0x3ffeffff]
[    0.000000] kvm-clock: cpu 0, msr 0:3ff44001, primary cpu clock
[    0.000000] kvm-clock: Using msrs 4b564d01 and 4b564d00
[    0.000000] kvm-clock: using sched offse of 4820842843 cycles
[   .000000] clocksource: kvm-clock: mask: 0xffffffffffffffff max_cycles: 0x1cd42e4dffb, max_ide_s: 8815959483 ns
[    0.000000] Zone ranges:
[    0.000000]   DMA      [mem 0x0000000000001000-0x0000000000ffffff]
[    0.000000]   DMA32    [mem 0x0000000001000000-0x000000003ffeffff]
[    0.000000]   Normal   empty
[    0.000000]   Device   empty
[    0.000000] Movable zone start for each node
[    0.000000] Early memory node ranges
[    0.000000]   node   0: [mem 0x0000000000001000-0x000000000009efff]
[   0.000000]   node   0: [mem 0x0000000000100000-0x000000003ffeffff]
[    0.000000] Reserved but unavailable: 98 pages
[    0.000000] Initmem setup node 0 [mem 0x0000000000001000-0x000000003ffeffff]
[   .000000] ACPI: PM-Timer IO Port: 0x4008
[   .000000] IOAPIC[0]: apic_id 2, version 32, address 0xfec00000, GSI 0-23
[   0.000000] ACPI: IN_SRC_OVR (bus 0 bus_irq 0global_irq 2 dfl dfl
[     0.0000] ACPI: INT_SRC_OVR (bu 0 bus_irq 9 lobal_irq 9 low level)
[   .000000] Using CP (MADT) for SMP configurtin information
[    .000000] smpboot: Allowing 2 CPUs, 0 hotplug CPUs
[    0.00000] PM: Rgistered nosave mmory: [mem0x00000000-0x00000fff]
[    0000000] PM: Registered nosave memory: [mem 0x0009f000-0x0009ffff]
[   0.000000] PM: Registered nosave memory: [mem 0x000a0000-0x000effff]
[    .00000] PM: Regiserd nosave memory: [mem 0x000f0000-0x000fffff]
[    0.000000] e820: [mem 0x40000000-0xfebfffff] available for PCI devices
[    0.000000] Booting paravirtualized kernel on KVM
[    0.000000] clocksource: refined-jiffies: mask: 0xffffffff max_cycles: 0xffffffff, max_idle_ns: 7645519600211568 ns
[    0.000000] random: get_random_bytes called from start_kernel+0x99/0x4fd with crng_init=0
[    0000000] setup_percpu: NR_CPUS:8192 nr_cpumask_bits:2 nr_cpu_ids:2 nr_node_ids:1
[    0.000000] prcu:: Embedded 4 pges/cpu s147456 r8192 d28672 u1048576
[    0.000000] PV qspinlock hash table entries: 256 (order: 0, 4096 bytes)
[    0.0000] Built 1 zonelists, mobility grouping on.  Total pages: 257913
[   .00000] Poicy zone: DMA32
[    0.000000]Kenel cmmad line: BOOT_IMAGE=/boot/vmlinuz-4.5.0-91-generic root=LABEL=cloudmg-rootfs ro console=tty1 console=ttyS0
[    0.000000] Memory: 983064K/1048120K available (12300K kernl code, 2481K rwdata, 4264Krodata, 2432K init, 2712K bss, 65056K reserved, 0K cma-rserved)
[    0000000] SLUB: HWalign=64, Order=0-3, MinObjects=0, CPUs=2,Noes=1
[    0.000000] Kernel//User age tables isolation: enabled
[   0.000000] ftrace: allocating 39347 entris in 54 pages
[    0.004000] Hierarchical RCU implementaton.
[   .004000] 	RCU restricting CPUs from NR_CPUS=8192 to nr_cpu_ids=2.
[    0.004000] 	Tasks RCU eabed.
[    0.004000] RCU: Adjusting geometry for rcu_fanout_leaf=16, nr_cpu_ids=2
[    0.004000] NR_IRQS: 524544, nr_irqs: 440, preallocated irqs: 16
[    0.004000] Console: colour VGA+ 80x25
[    0.004000] console [tty1] enabled
[    0.004000] console [ttyS0] enabled
[    0.004000] ACPI: Core revision 20170831
[    0.004000] ACPI: 2 ACPI AML tables successfully acquired and loaded
[    0.004000] APIC: Switch to symetric I/O mode setup
[    0.004591] x2apic enabled
[    0.008008] Switched APIC routing to physical x2apic.
[    0.014974] ..TIMER: vector=0x30 apic1=0 pin1=2 apic2=-1 pin2=-1
[    0.016006] tsc: Detected 2699.998 MHz processor
[    0.020014] Calibrating delay loop (skipped) preset value.. 5399.99 BogoMIPS (lpj=10799992)
[    0.024009] pid_max: default: 32768 minimum: 301
[    0.026516] Security Framework initialized
[    0.028006] Yama: becoming mindful.
[    0.030016] AppArmor: AppArmor initialized
[    0.034013] Dentry cache hash table entries: 131072 (order: 8, 1048576 bytes)
[    0.036077] Inode-cache hash table entries: 65536 (order: 7, 524288 bytes)
[    0.040028] Mount-cache hash table entries: 2048 (order: 2, 16384 bytes)
[    0.044015] Mountpoint-cache hash table entries: 2048 (order: 2, 16384 bytes)
[    0.048246] Last level iTLB entries: 4KB 64, 2MB 8, 4MB 8
[    0.052003] Last level dTLB entries: 4KB 64, 2MB 0, 4MB 0, 1GB 4
[    0.056007] Spectre V1 : Mitigation: usercopy/swapgs barriers and __user pointer sanitization
[    0.060003] Spectre V2 : Mitigation: Full generic retpoline
[    0.064005] Spectre V2 : Spectre v2 / SpectreRSB mitigation: Filling RSB on context switch
[    0.068006] Speculative Store Bypass: Vulnerable
[    0.069560] MDS: Vulnerable: Clear CPU buffers attempted, no microcode
[    0.072153] Freeing SMP alternatives memory: 36K
[    0.184532] smpboot: CPU0: Intel(R) Core(TM) i5-5257U CPU @ 2.70GHz (family: 0x6, model: 0x3d, stepping: 0x4)
[    0.188094] Performance Events: unsupported p6 CPU model 61 no PMU driver, software events only.
[    0.192067] Hierarchical SRCU implementation.
[    0.196603] NMI watchdog: Perf event create on CPU 0 failed with -2
[    0.200011] NMI watchdog: Perf NMI watchdog permanently disabled
[    0.204681] smp: Bringing up secondary CPUs ...
[    0.208121] x86: Booting SMP configuration:
[    0.212013] .... node  #0, CPUs:      #1
[    0.004000] kvm-clock: cpu 1, msr 0:3ff44041, secondary cpu clock
[    0.260029] smp: Brought up 1 node, 2 CPUs
[    0.264035] smpboot: Max logical packages: 1
[    0.268014] smpboot: Total of 2 processors activated (10799.99 BogoMIPS)
[    0.272157] devtmpfs: initialized
[    0.276158] x86/mm: Memory block size: 128MB
[    0.280198] evm: security.selinux
[    0.284006] evm: security.SMACK64
[    0.288008] evm: security.SMACK64EXEC
[    0.292036] evm: security.SMACK64TRANSMUTE
[    0.296018] evm: security.SMACK64MMAP
[    0.300006] evm: security.apparmor
[    0.301475] evm: security.ima
[    0.304004] evm: security.capability
[    0.309028] clocksource: jiffies: mask: 0xffffffff max_cycles: 0xffffffff, max_idle_ns: 7645041785100000 ns
[    0.312016] futex hash table entries: 512 (order: 3, 32768 bytes)
[    0.320122] pinctrl core: initialized pinctrl subsystem
[    0.324124] RTC time:  8:55:31, date: 03/25/20
[    0.325855] NET: Registered protocol family 16
[    0.328117] audit: initializing netlink subsys (disabled)
[    0.332055] audit: type=2000 audit(1585126532.447:1): state=initialized audit_enabled=0 res=1
[    0.334793] cpuidle: using governor ladder
[    0.336016] cpuidle: using governor menu
[    0.337400] ACPI: bus type PCI registered
[    0.340007] acpiphp: ACPI Hot Plug PCI Controller Driver version: 0.5
[    0.341634] PCI: Using configuration type 1 for base access
[    0.344914] HugeTLB registered 2.00 MiB page size, pre-allocated 0 pages
[    0.348091] ACPI: Added _OSI(Module Device)
[    0.352012] ACPI: Added _OSI(Processor Device)
[    0.356020] ACPI: Added _OSI(3.0 _SCP Extensions)
[    0.360005] ACPI: Added _OSI(Processor Aggregator Device)
[    0.364008] ACPI: Added _OSI(Linux-Dell-Video)
[    0.368004] ACPI: Added _OSI(Linux-Lenovo-NV-HDMI-Audio)
[    0.372010] ACPI: Added _OSI(Linux-HPI-Hybrid-Graphics)
[    0.373757] ACPI: Executed 1 blocks of module-level executable AML code
[    0.378755] ACPI: Interpreter enabled
[    0.380017] ACPI: (supports S0 S5)
[    0.384006] ACPI: Using IOAPIC for interrupt routing
[    0.388265] PCI: Using host bridge windows from ACPI; if necessary, use "pci=nocrs" and report a bug
[    0.392248] ACPI: Enabled 2 GPEs in block 00 to 07
[    0.405208] ACPI: PCI Root Bridge [PCI0] (domain 0000 [bus 00-ff])
[    0.408017] acpi PNP0A03:00: _OSC: OS supports [ASPM ClockPM Segments MSI]
[    0.412053] acpi PNP0A03:00: _OSC: not requesting OS control; OS requires [ExtendedConfig ASPM ClockPM MSI]
[    0.416019] acpi PNP0A03:00: fail to add MMCONFIG information, can't access extended PCI configuration space under this bridge.
[    0.420541] PCI host bridge to bus 0000:00
[    0.424007] pci_bus 0000:00: root bus resource [io  0x0000-0x0cf7 window]
[    0.428011] pci_bus 0000:00: root bus resource [io  0x0d00-0xffff window]
[    0.432015] pci_bus 0000:00: root bus resource [mem 0x000a0000-0x000bffff window]
[    0.436008] pci_bus 0000:00: root bus resource [mem 0x40000000-0xfdffffff window]
[    0.440042] pci_bus 0000:00: root bus resource [bus 00-ff]
[    0.450523] pci 0000:00:01.1: legacy IDE quirk: reg 0x10: [io  0x01f0-0x01f7]
[    0.452013] pci 0000:00:01.1: legacy IDE quirk: reg 0x14: [io  0x03f6]
[    0.456029] pci 0000:00:01.1: legacy IDE quirk: reg 0x18: [io  0x0170-0x0177]
[    0.460021] pci 0000:00:01.1: legacy IDE quirk: reg 0x1c: [io  0x0376]
[    0.513109] pci 0000:00:07.0: quirk: [io  0x4000-0x403f] claimed by PIIX4 ACPI
[    0.516048] pci 0000:00:07.0: quirk: [io  0x4100-0x410f] claimed by PIIX4 SMB
[    0.540011] ACPI: PCI Interrupt Link [LNKA] (IRQs 5 9 10 *11)
[    0.542376] ACPI: PCI Interrupt Link [LNKB] (IRQs 5 9 *10 11)
[    0.544261] ACPI: PCI Interrupt Link [LNKC] (IRQs 5 *9 10 11)
[    0.546805] ACPI: PCI Interrupt Link [LNKD] (IRQs 5 9 10 *11)
[    0.548615] SCSI subsystem initialized
[    0.552145] pci 0000:00:02.0: vgaarb: setting as boot VGA device
[    0.555719] pci 0000:00:02.0: vgaarb: VGA device added: decodes=io+mem,owns=io+mem,locks=none
[    0.556012] pci 0000:00:02.0: vgaarb: bridge control possible
[    0.560008] vgaarb: loaded
[    0.564166] ACPI: bus type USB registered
[    0.568039] usbcore: registered new interface driver usbfs
[    0.571175] usbcore: registered new interface driver hub
[    0.572048] usbcore: registered new device driver usb
[    0.576168] EDAC MC: Ver: 3.0.0
[    0.580616] PCI: Using ACPI for IRQ routing
[    0.584803] NetLabel: Initializing
[    0.587269] NetLabel:  domain hash size = 128
[    0.588006] NetLabel:  protocols = UNLABELED CIPSOv4 CALIPSO
[    0.592035] NetLabel:  unlabeled traffic allowed by default
[    0.596280] clocksource: Switched to clocksource kvm-clock
[   0.67171] V: Disquta dquot_6..0
[   .96563] VS:Dquot-cache hash table enris:51 (rder 0, 4096 bytes)
[   .20686] ApAror: AppArmor Filesystem Enabled
[    1.347532] pnp: PnP ACPI init
[   .32291pn: PnP ACPI: found 3 devices

[   1.536201] clocksource: api_pm:mask: 0xffffff max_cycles: 0xffffff, max_idle_ns: 2085701024 ns
[    1.635173] NET: Registered protocol family 2

[    1.638156] TCP establishe hash table entries: 81 (rder: 4, 65536 bytes)
[    1.812142] TCP bind hash table entries: 8192 (order: 5, 131072 bytes)
[    1.815820] TCP: Hash tables configured (established 8192 bind 8192)
[    1.817981] UDP hash table enties:512 (rder: 2, 16384 bytes)

[    1.93489 UP-it hshtable ntries: 512 (order: 2, 1684bytes
[   .15863 NT: Reistered proocolfamily 1
[    2.432945] pci 0000:00:00.0: Limiting diret CIPCI tansfers
[    2.541083] pci 0000:00:01.0: Activating ISA DMA hang workarounds
[    2.543078] pi 0000:00:02.0: Video device with shadowed RM at [mem 0x000c0000-0x000dffff]
[    2.595325] Unpacking initramfs...

[    2.936275] Freeing initrd memory: 19204K
[    2.951330] clocksource: tsc: mask: 0xffffffffffffffff max_cycles: 0x26eb3cc21a9, max_idle_ns: 440795299783 ns
[    2.963348] platform rtc_cmos: registered platform RTC device (no PNP device found)
[    2.969635] Scanning for low memory corruption every 60 seconds
[    2.994657] Initialise system trusted keyrings
[    3.000345] Key type blacklist registered
[    3.005784] workingset: timestamp_bits=36 max_order=18 bucket_order=0
[    3.012380] zbud: loaded
[    3.033177] squashfs: version 4.0 (2009/01/31) Phillip Lougher
[    3.054057] fuse init (API version 7.26)
[    3.069583] Key type asymmetric registered
[    3.070687] Asymmetric key parser 'x509' registered
[    3.071891] Block layer SCSI generic (bsg) driver version 0.4 loaded (major 246)
[    3.073899] io scheduler noop registered
[    3.075319] io scheduler deadline registered
[    3.085740] io scheduler cfq registered (default)
[    3.087652] ACPI: AC Adapter [AC] (on-line)
[    3.118041] input: Power Button as /devices/LNXSYSTM:00/LNXPWRBN:00/input/input0
[    3.120382] ACPI: Power Button [PWRF]
[    3.125857] input: Sleep Button as /devices/LNXSYSTM:00/LNXSLPBN:00/input/input1
[    3.128254] ACPI: Sleep Button [SLPF]
[    3.134944] ACPI: Battery Slot [BAT0] (battery present)
[    3.139183] Serial: 8250/16550 dve, 2 pors,IR sharing enabled
    3.344568] 00:02: ttyS0 at I/O 0x3f8 (irq = 4, base_baud = 115200) is a 16550A
[    3.400943] Linux agpgart interface v0.103
[    3.403552] loop: module loaded
[    3.405002] scsi host0: ata_piix
[    3.405983] scsi host1: ata_piix
[    3.406810] ata1: PATA max UDMA/33 cmd 0x1f0 ctl 0x3f6 bmdma 0xd000 irq 14
[    3.408569] ata2: PATA max UDMA/33 cmd 0x170 ctl 0x376 bmdma 0xd008 irq 15
[    3.411249] libphy: Fixed MDIO Bus: probed
[    3.412334] tun: Universal TUN/TAP device driver, 1.6
[    3.413858] PPP generic driver version 2.4.2
[    3.415019] ehci_hcd: USB 2.0 'Enhanced' Host Controller (EHCI) Driver
[    3.425922] ehci-pci: EHCI PCI platform driver
[    3.427250] ehci-platform: EHCI generic platform driver
[    3.432588] ohci_hcd: USB 1.1 'Open' Host Controller (OHCI) Driver
[    3.453199] ohci-pci: OHCI PCI platform driver
[    3.454681] ohci-platform: OHCI generic platform driver
[    3.457708] uhci_hcd: USB Universal Host Controller Interface driver
[    3.466731] i8042: PNP: PS/2 Controller [PNP0303:PS2K,PNP0f03:PS2M] at 0x60,0x64 irq 1,12
[    3.481809] serio: i8042 KBD port at 0x60,0x64 irq 1
[    3.491253] serio: i8042 AUX port at 0x60,0x64 irq 12
[    3.509405] mousedev: PS/2 mouse device common for all mice
[    3.520324] input: AT Translated Set 2 keyboard as /devices/platform/i8042/serio0/input/input2
[    3.537070] rtc_cmos rtc_cmos: rtc core: registered rtc_cmos as rtc0
[    3.541977] rtc_cmos rtc_cmos: alarms up to one day, 114 bytes nvram
[    3.544518] i2c /dev entries driver
[    3.549384] device-mapper: uevent: version 1.0.3
[    3.565586] device-mapper: ioctl: 4.37.0-ioctl (2017-09-20) initialised: dm-devel@redhat.com
[    3.578741] ledtrig-cpu: registered to indicate activity on CPUs
[    3.589340] NET: Registered protocol family 10
[    3.596790] Segment Routing with IPv6
[    3.610764] NET: Registered protocol family 17
[    3.613433] Key type dns_resolver registered
[    3.626735] mce: Using 0 MCE banks
[    3.632603] RAS: Correctable Errors collector initialized.
[    3.634399] sched_clock: Marking stable (3632554275, 0)->(8893885744, -5261331469)
[    3.637258] registered taskstats version 1
[    3.640940] Loading compiled-in X.509 certificates
[    3.651600] Loaded X.509 cert 'Build time autogenerated kernel key: d019e8c5f4cbc828f6af43369f65a014a3a68371'
[    3.665790] zswap: loaded using pool lzo/zbud
[    3.671357] Key type big_key registered
[    3.673218] Key type trusted registered
[    3.680900] Key type encrypted registered
[    3.690662] AppArmor: AppArmor sha1 policy hashing enabled
[    3.697699] ima: No TPM chip found, activating TPM-bypass! (rc=-19)
[    3.712282] ima: Allocated hash algorithm: sha1
[    3.724023] evm: HMAC attrs: 0x1
[    3.727705]   Magic number: 12:597:928
[    3.736113] rtc_cmos rtc_cmos: setting system clock to 2020-03-25 08:55:34 UTC (1585126534)
[    3.742842] BIOS EDD facility v0.16 2004-Jun-25, 0 devices found
[    3.745293] EDD information not available.
[    3.764751] Freeing unused kernel image memory: 2432K
[    3.876652] Write protecting the kernel read-only data: 20480k
[    3.896456] Freeing unused kernel image memory: 2008K
[    3.898674] Freeing unused kernel image memory: 1880K
[    3.909174] x86/mm: Checked W+X mappings: passed, no W+X pages found.
[    3.916077] x86/mm: Checking user space page tables
[    3.931019] x86/mm: Checked W+X mappings: passed, no W+X pages found.
Loading, please wait...
starting version 237
[    4.075954] e1000: Intel(R) PRO/1000 Network Driver - version 7.3.21-k8-NAPI
[    4.085946] e1000: Copyright (c) 1999-2006 Intel Corporation.
[    4.096964] Fusion MPT base driver 3.04.20
[    4.110885] Copyright (c) 1999-2008 LSI Corporation
[    4.118360] Fusion MPT SPI Host driver 3.04.20
[    4.139227] AVX2 version of gcm_enc/dec engaged.
[    4.151286] AES CTR mode by8 optimization enabled
[    4.340907] input: ImExPS/2 Generic Explorer Mouse as /devices/platform/i8042/serio1/input/input4
[    4.545849] e1000 0000:00:03.0 eth0: (PCI:33MHz:32-bit) 02:f6:b1:f5:69:0d
[    4.548242] e1000 0000:00:03.0 eth0: Intel(R) PRO/1000 Network Connection
[    4.551745] mptbase: ioc0: Initiating bringup
[    4.551787] e1000 0000:00:03.0 enp0s3: renamed from eth0
[    4.657717] ioc0: LSI53C1030 A0: Capabilities={Initiator}
[    4.921337] scsi host2: ioc0: LSI53C1030 A0, FwRev=00000000h, Ports=1, MaxQ=256, IRQ=20
[    5.088745] scsi 2:0:0:0: Direct-Access     VBOX     HARDDISK         1.0  PQ: 0 ANSI: 5
[    5.185210] scsi target2:0:0: Beginning Domain Validation
[    5.188549] scsi target2:0:0: Domain Validation skipping write tests
[    5.190041] scsi target2:0:0: Ending Domain Validation
[    5.191315] scsi target2:0:0: asynchronous
[    5.192699] scsi 2:0:1:0: Direct-Access     VBOX     HARDDISK         1.0  PQ: 0 ANSI: 5
[    5.893971] scsi target2:0:1: Beginning Domain Validation
[    5.960308] random: fast init done
[    5.964119] scsi target2:0:1: Domain Validation skipping write tests
[    5.969992] scsi target2:0:1: Ending Domain Validation
[    6.845518] scsi target2:0:1: asynchronous
[    6.915170] random: systemd-udevd: uninitialized urandom read (16 bytes read)
[    6.915323] sd 2:0:0:0: Attached scsi generic sg0 type 0
[    6.917582] random: systemd-udevd: uninitialized urandom read (16 bytes read)
[    6.945921] random: systemd-udevd: uninitialized urandom read (16 bytes read)
[    6.960880] sd 2:0:1:0: Attached scsi generic sg1 type 0
[    6.960889] sd 2:0:0:0: [sda] 20971520 512-byte logical blocks: (10.7 GB/10.0 GiB)
[    6.979331] sd 2:0:0:0: [sda] Write Protect is off
[    6.994145] sd 2:0:1:0: [sdb] 20480 512-byte logical blocks: (10.5 MB/10.0 MiB)
[    7.000714] sd 2:0:0:0: [sda] Incomplete mode parameter data
[    7.053485] sd 2:0:0:0: [sda] Assuming drive cache: write through
[    7.053564] sd 2:0:1:0: [sdb] Write Protect is off
[    7.068391] sd 2:0:1:0: [sdb] Incomplete mode parameter data
[    7.071955]  sda: sda1
[    7.099044] sd 2:0:1:0: [sdb] Assuming drive cache: write through
[    7.115549] sd 2:0:0:0: [sda] Attached SCSI disk
[    7.120851] sd 2:0:1:0: [sdb] Attached SCSI disk
Begin: Loading essential drivers ... [    8.696223] raid6: sse2x1   gen() 10136 MB/s
[    8.744268] raid6: sse2x1   xor()  6950 MB/s
[    8.796154] raid6: sse2x2   gen() 11555 MB/s
[    8.848049] raid6: sse2x2   xor()  7391 MB/s
[    8.908186] raid6: sse2x4   gen() 11438 MB/s
[    8.956630] raid6: sse2x4   xor()  5684 MB/s
[    9.004438] raid6: avx2x1   gen() 12152 MB/s
[    9.072138] raid6: avx2x1   xor() 10502 MB/s
[    9.132571] raid6: avx2x2   gen() 16896 MB/s
[    9.200121] raid6: avx2x2   xor() 12949 MB/s
[    9.256139] raid6: avx2x4   gen() 24652 MB/s
[    9.316303] raid6: avx2x4   xor() 16734 MB/s
[    9.317770] raid6: using algorithm avx2x4 gen() 24652 MB/s
[    9.319918] raid6: .... xor() 16734 MB/s, rmw enabled
[    9.321555] raid6: using avx2x2 recovery algorithm
[    9.324550] xor: automatically using best checksumming function   avx       
[    9.336148] async_tx: api initialized (async)
done.
Begin: Running /scripts/init-premount ... done.
Begin: Mounting root file system ... Begin: Running /scripts/local-top ... done.
Begin: Running /scripts/local-premount ... [    9.401276] Btrfs loaded, crc32c=crc32c-intel
Scanning for Btrfs filesystems
done.
Warning: fsck not present, so sk[    9.498230] EXT4-fs (sda1): mounted filesystem with ordered data mode. Opts: (null)
ipping root file system
done.
Begin: Running /scripts/local-bottom ... done.
Begin: Running /scripts/init-bottom ... done.
[    9.821148] ip_tables: (C) 2000-2006 Netfilter Core Team
[    9.833401] systemd[1]: systemd 237 running in system mode. (+PAM +AUDIT +SELINUX +IMA +APPARMOR +SMACK +SYSVINIT +UTMP +LIBCRYPTSETUP +GCRYPT +GNUTLS +ACL +XZ +LZ4 +SECCOMP +BLKID +ELFUTILS +KMOD -IDN2 +IDN -PCRE2 default-hierarchy=hybrid)
[   10.087612] systemd[1]: Detected virtualization oracle.
[   10.092667] systemd[1]: Detected architecture x86-64.

Welcome to [1mUbuntu 18.04.4 LTS[0m!

[   10.139932] systemd[1]: Set hostname to <ubuntu-bionic>.
[   10.465901] systemd[1]: Set up automount Arbitrary Executable File Formats File System Automount Point.
[[0;32m  OK  [0m] Set up automount Arbitrary Executab…rmats File System Automount Point.
[   10.470278] systemd[1]: Reached target System Time Synchronized.
[[0;32m  OK  [0m] Reached target System Time Synchronized.
[   11.105059] systemd[1]: Started Forward Password Requests to Wall Directory Watch.
[[0;32m  OK  [0m] Started Forward Password Requests to Wall Directory Watch.
[   11.929876] systemd[1]: Reached target User and Group Name Lookups.
[[0;32m  OK  [0m] Reached target User and Group Name Lookups.
[   11.934274] systemd[1]: Reached target Swap.
[[0;32m  OK  [0m] Reached target Swap.
[   11.954374] systemd[1]: Created slice System Slice.
[[0;32m  OK  [0m] Created slice System Slice.
[[0;32m  OK  [0m] Listening on udev Kernel Socket.
[[0;32m  OK  [0m] Listening on LVM2 poll daemon socket.
[[0;32m  OK  [0m] Listening on Syslog Socket.
[[0;32m  OK  [0m] Listening on Journal Socket.
         Mounting Huge Pages File System...
         Starting Set the console keyboard layout...
[[0;32m  OK  [0m] Listening on LVM2 metadata daemon socket.
         Starting Load Kernel Modules...
[[0;32m  OK  [0m] Listening on Network Service Netlink Socket.
         Starting Uncomplicated firewall...
[   12.104873] Loading iSCSI transport class v2.0-870.
[[0;32m  OK  [0m] Listening on Journal Socket (/dev/log).
         Starting Create list of required st…ce nodes for the current kernel...
[[0;32m  OK  [0m] Listening on udev Control Socket.
[   12.137781] iscsi: registered transport (tcp)
         Starting udev Coldplug all Devices...
         Startin[   12.200120] iscsi: registered transport (iser)
g Remount Root and Kernel File S[   12.261201] EXT4-fs (sda1): re-mounted. Opts: (null)
ystems...
[[0;32m  OK  [0m] Listening on Device-mapper event daemon FIFOs.
         Starting Monitoring of LVM2 mirrors…ng dmeventd or progress polling...
         Mounting Kernel Debug File System...
[[0;32m  OK  [0m] Created slice User and Session Slice.
[[0;32m  OK  [0m] Reached target Slices.
[[0;32m  OK  [0m] Created slice system-serial\x2dgetty.slice.
[[0;32m  OK  [0m] Listening on /dev/initctl Compatibility Named Pipe.
         Mounting POSIX Message Queue File System...
[[0;32m  OK  [0m] Listening on Journal Audit Socket.
         Starting Journal Service...
[[0;32m  OK  [0m] Mounted Huge Pages File System.
[[0;32m  OK  [0m] Started Journal Service.
[[0;32m  OK  [0m] Started Set the console keyboard layout.
[[0;32m  OK  [0m] Started Load Kernel Modules.
[[0;32m  OK  [0m] Started Uncomplicated firewall.
[[0;32m  OK  [0m] Started Create list of required sta…vice nodes for the current kernel.
[[0;32m  OK  [0m] Started Remount Root and Kernel File Systems.
[[0;32m  OK  [0m] Mounted Kernel Debug File System.
[[0;32m  OK  [0m] Mounted POSIX Message Queue File System.
[[0;32m  OK  [0m] Started LVM2 metadata daemon.
         Starting Load/Save Random Seed...
         Starting Create Static Device Nodes in /dev...
         Mounting FUSE Control File System...
         Mountin[   12.787518] random: crng init done
g Kernel Configuration File Syst[   12.818191] random: 7 urandom warning(s) missed due to ratelimiting
em...
         Starting Apply Kernel Variables...
         Starting Flush Journal to Persistent Storage...
[[0;32m  OK  [0m] Started udev Coldplug all Devices.
[[0;32m  OK  [0m] Started Monitoring of LVM2 mirrors,…sing dmeventd or progress polling.
[[0;32m  OK  [0m] Started Load/Save Random Seed.
[[0;32m  OK  [0m] Started Create Static Device Nodes in /dev.
[[0;32m  OK  [0m] Mounted FUSE Control File System.
[[0;32m  OK  [0m] Mounted Kernel Configuration File System.
[[0;32m  OK  [0m] Started Apply Kernel Variables.
         Starting udev Kernel Device Manager...
[[0;32m  OK  [0m] Reached target Local File Systems (Pre).
[[0;32m  OK  [0m] Reached target Local File Systems.
         Starting Set console font and keymap...
         Starting AppArmor initialization...
         Starting ebtables ruleset management...
         Starting Tell Plymouth To Write Out Runtime Data...
[[0;32m  OK  [0m] Started Flush Journal to Persistent Storage.
         Starting Create Volatile Files and Directories...
[[0;32m  OK  [0m] Started udev Kernel Device Manager.
[[0;32m  OK  [0m] Started Dispatch Password Requests to Console Directory Watch.
[[0;32m  OK  [0m] Reached target Local Encrypted Volumes.
[[0;32m  OK  [0m] Started Set console font and keymap.
[[0;32m  OK  [0m] Started Tell Plymouth To Write Out Runtime Data.
[[0;32m  OK  [0m] Started Create Volatile Files and Directories.
         Starting Update UTMP about System Boot/Shutdown...
[[0;32m  OK  [0m] Started Update UTMP about System Boot/Shutdown.
[[0;32m  OK  [0m] Started ebtables ruleset management.
[[0;32m  OK  [0m] Started AppArmor initialization.
[[0;32m  OK  [0m] Found device /dev/ttyS0.
         Starting Initial cloud-init job (pre-networking)...
[[0;32m  OK  [0m] Listening on Load/Save RF Kill Switch Status /dev/rfkill Watch.
[   15.786254] cloud-init[512]: Cloud-init v. 19.4-33-gbb4131a2-0ubuntu1~18.04.1 running 'init-local' at Wed, 25 Mar 2020 08:55:46 +0000. Up 15.57 seconds.
[[0;32m  OK  [0m] Started Initial cloud-init job (pre-networking).
[[0;32m  OK  [0m] Reached target Network (Pre).
         Starting Network Service...
[[0;32m  OK  [0m] Started Network Service.
         Starting Network Name Resolution...
         Starting Wait for Network to be Configured...
[[0;32m  OK  [0m] Started Network Name Resolution.
[[0;32m  OK  [0m] Reached target Host and Network Name Lookups.
[[0;32m  OK  [0m] Reached target Network.
[[0;32m  OK  [0m] Started Wait for Network to be Configured.
         Starting Initial cloud-init job (metadata service crawler)...
[   18.291793] cloud-init[647]: Cloud-init v. 19.4-33-gbb4131a2-0ubuntu1~18.04.1 running 'init' at Wed, 25 Mar 2020 08:55:48 +0000. Up 18.14 seconds.
[   18.324713] cloud-init[647]: ci-info: ++++++++++++++++++++++++++++++++++++++Net device info++++++++++++++++++++++++++++++++++++++
[   18.352206] cloud-init[647]: ci-info: +--------+------+----------------------------+---------------+--------+-------------------+
[   18.366861] cloud-init[647]: ci-info: | Device |  Up  |          Address           |      Mask     | Scope  |     Hw-Address    |
[   18.376303] cloud-init[647]: ci-info: +--------+------+----------------------------+---------------+--------+-------------------+
[   18.405669] cloud-init[647]: ci-info: | enp0s3 | True |         10.0.2.15          | 255.255.255.0 | global | 02:f6:b1:f5:69:0d |
[   18.469880] cloud-init[647]: ci-info: | enp0s3 | True | fe80::f6:b1ff:fef5:690d/64 |       .       |  link  | 02:f6:b1:f5:69:0d |
[[0;32m  OK  [0m] Started Initial cloud-init job (metadata service crawler).
[   18.507564] [[0;32m  OK  [0m] Reached target Cloud-config availability.
[[0;32m  OK  [0m] cloud-initReached target Network is Online.[647]: 
ci-info: |   lo   | True |         127.0.0.1          |   255.0.0.0   |  host  |         .         |
[   18.539815] cloud-init[[0;32m  OK  [0m] Reached target Remote File Systems (Pre).
[[0;32m  OK  [0m] Reached target Remote File Systems.
         Starting Availability of block devices...
[[0;32m  OK  [0m] Reached target System Initialization.
[[0;32m  OK  [0m] Started Discard unused blocks once a week.
[[0;32m  OK  [0m] Listening on Open-iSCSI iscsid Socket.
[[0;32m  OK  [0m] Started Message of the Day.
[[0;32m  OK  [0m] Started ACPI Events Check.
[[0;32m  OK  [0m] Started Daily Cleanup of Temporary Directories.
[[0;32m  OK  [0m] Started Daily apt download activities.
[[0;32m  OK  [0m] Started Daily apt upgrade and clean activities.
[[0;32m  OK  [0m] Reached target Paths.
[[0;32m  OK  [0m] Listening on ACPID Listen Socket.
         Starting Socket activation for snappy daemon.
[[0;32m  OK  [0m] Listening on UUID daemon activation socket.
[[0;32m  OK  [0m] Reached target Timers.
[[0;32m  OK  [0m] Listening on D-Bus System Message Bus Socket.
         Starting LXD - unix socket.
[[0;32m  OK  [0m] Listening on Socket activation for snappy daemon.
[[0;32m  OK  [0m] Listening on LXD - unix socket.
[[0;32m  OK  [0m] Reached target Sockets.
[[0;32m  OK  [0m] Reached target Basic System.
[647]: ci-info: |   lo   | True |          ::1/128           |       .       |  host  |         .         |
[[0;32m  OK  [0m] Started Deferred execution scheduler.
[   18.648157] cloud-init[647]: ci-info: +--------+------+----------------------------+---------------+--------+-------------------+
         Starting Dispatcher daemon for systemd-networkd...
         Starting Virtualbox guest utils...
         Starting Login Service...
         Starting LSB: automatic crash report generation...
         Starting System Logging Service...
[   18.658130] cloud-init[647]: ci-info: ++++++++++++++++++++++++++++Route IPv4 info+++++++++++++++++++++++++++++
[   18.720191] cloud-init[647]: ci-info: +-------+-------------+----------+-----------------+-----------+-------+
[[0;32m  OK  [0m] Started FUSE filesystem for LXC.
[   18.734737] cloud-init[647]: ci-info: | Route | Destination | Gateway  |     Genmask     | Interface | Flags |
[   18.748343] cloud-init[647]: ci-info: +-------+-------------+----------+-----------------+-----------+-------+
[   18.751878] cloud-init[647]: ci-info: |   0   |   0.0.0.0   | 10.0.2.2 |     0.0.0.0     |   enp0s3  |   UG  |
[   18.755167] cloud-init[647]: ci-info: |   1   |   10.0.2.0  | 0.0.0.0  |  255.255.255.0  |   enp0s3  |   U   |
[   18.762957] cloud-init[647]: ci-info: |   2   |   10.0.2.2  | 0.0.0.0  | 255.255.255.255 |   enp0s3  |   UH  |
[   18.768466] cloud-init[647]: ci-info: +-------+-------------+----------+-----------------+-----------+-------+
[[0;32m  OK  [0m] Started Regular background program processing daemon.
         Starting Permit User Sessions...
         Starting LSB: Record successful boot for GRUB...
[[0;32m  OK  [0m] Started D-Bus System Message Bus.
[   18.776451] cloud-init[647]: ci-info: +++++++++++++++++++Route IPv6 info+++++++++++++++++++
[   18.801413] cloud-init[647]: ci-info: +-------+-------------+---------+-----------+-------+
[   18.804109] cloud-init[647]: ci-info: | Route | Destination | Gateway | Interface | Flags |
[   18.806648] cloud-init[647]: ci-info: +-------+-------------+---------+-----------+-------+
[   18.808976] cloud-init[647]: ci-info: |   1   |  fe80::/64  |    ::   |   enp0s3  |   U   |
[   18.814009] cloud-init[647]: ci-info: |   3   |    local    |    ::   |   enp0s3  |   U   |
[   18.819689] cloud-init[647]: ci-info: |   4   |   ff00::/8  |    ::   |   enp0s3  |   U   |
[   18.828851] cloud-init[647]: ci-info: +-------+-------------+---------+-----------+-------+
[[0;32m  OK  [0m] Started irqbalance daemon.
         Starting Snappy daemon...
         Starting Accounts Service...
         Starting OpenBSD Secure Shell server...
         Starting LXD - container startup/shutdown...
[[0;32m  OK  [0m] Started System Logging Service.
[[0;32m  OK  [0m] Started Availability of block devices.
[[0;32m  OK  [0m] Started Permit User Sessions.
[[0;32m  OK  [0m] Started Login Service.
[[0;32m  OK  [0m] Started Dispatcher daemon for systemd-networkd.
         Starting Authorization Manager...
[[0;32m  OK  [0m] Started Unattended Upgrades Shutdown.
         Starting Hold until boot process finishes up...
         Starting Terminate Plymouth Boot Screen...
[[0;32m  OK  [0m] Started OpenBSD Secure Shell server.
[[0;32m  OK  [0m] Started Hold until boot process finishes up.
[[0;32m  OK  [0m] Started Terminate Plymouth Boot Screen.
[[0;32m  OK  [0m] Started Serial Getty on ttyS0.
         Starting Set console scheme...
[[0;32m  OK  [0m] Started LXD - container startup/shutdown.
[[0;32m  OK  [0m] Started LSB: automatic crash report generation.
[[0;32m  OK  [0m] Started LSB: Record successful boot for GRUB.
[[0;32m  OK  [0m] Started Set console scheme.
[[0;32m  OK  [0m] Created slice system-getty.slice.
[[0;32m  OK  [0m] Started Getty on tty1.
[[0;32m  OK  [0m] Reached target Login Prompts.
[[0;32m  OK  [0m] Started Virtualbox guest utils.
[[0;32m  OK  [0m] Started Authorization Manager.
[[0;32m  OK  [0m] Started Accounts Service.
[[0;32m  OK  [0m] Started Snappy daemon.
         Starting Wait until snapd is fully seeded...
[[0;32m  OK  [0m] Started Wait until snapd is fully seeded.
         Starting Apply the settings specified in cloud-config...
[[0;32m  OK  [0m] Reached target Multi-User System.
[[0;32m  OK  [0m] Reached target Graphical Interface.
         Starting Update UTMP about System Runlevel Changes...
[[0;32m  OK  [0m] Started Update UTMP about System Runlevel Changes.
[   20.788431] cloud-init[1050]: Cloud-init v. 19.4-33-gbb4131a2-0ubuntu1~18.04.1 running 'modules:config' at Wed, 25 Mar 2020 08:55:51 +0000. Up 20.56 seconds.
[[0;32m  OK  [0m] Started Apply the settings specified in cloud-config.
         Starting Execute cloud user/final scripts...
[[0;32m  OK  [0m] Created slice User Slice of vagrant.
         Starting User Manager for UID 1000...
[[0;32m  OK  [0m] Started Session 1 of user vagrant.
[[0;32m  OK  [0m] Started User Manager for UID 1000.
[   21.753432] cloud-init[1104]: Cloud-init v. 19.4-33-gbb4131a2-0ubuntu1~18.04.1 running 'modules:final' at Wed, 25 Mar 2020 08:55:52 +0000. Up 21.61 seconds.
[   21.759335] cloud-init[1104]: Cloud-init v. 19.4-33-gbb4131a2-0ubuntu1~18.04.1 finished at Wed, 25 Mar 2020 08:55:52 +0000. Datasource DataSourceNoCloud [seed=/dev/sdb][dsmode=net].  Up 21.74 seconds
[[0;32m  OK  [0m] Started Execute cloud user/final scripts.
[[0;32m  OK  [0m] Reached target Cloud-init target.

Ubuntu 18.04.4 LTS ubuntu-bionic ttyS0

ubuntu-bionic login: 